<?xml version="1.0" encoding="UTF-8"?>
<!-- Generated by org.testng.reporters.JUnitReportReporter -->
<testsuite skipped="0" hostname="ranjeetverma" name="com.tests.ManagedBookingTest" tests="4" failures="0" timestamp="11 Feb 2021 09:33:42 GMT" time="17.426" errors="0">
  <testcase name="Invalid_Email_SMS" time="4.476" classname="com.tests.ManagedBookingTest"/>
  <testcase name="Invalid_Show_MyTicket" time="4.449" classname="com.tests.ManagedBookingTest"/>
  <testcase name="Invalid_Cancel" time="4.127" classname="com.tests.ManagedBookingTest"/>
  <testcase name="Invalid_ReSchedule" time="4.374" classname="com.tests.ManagedBookingTest"/>
</testsuite> <!-- com.tests.ManagedBookingTest -->
