<?xml version="1.0" encoding="UTF-8"?>
<!-- Generated by org.testng.reporters.JUnitReportReporter -->
<testsuite skipped="0" hostname="ranjeetverma" name="tests.ManagedBookingTest" tests="4" failures="0" timestamp="08 Feb 2021 11:03:18 GMT" time="20.179" errors="0">
  <testcase name="Invalid_Email_SMS" time="4.166" classname="tests.ManagedBookingTest"/>
  <testcase name="Invalid_ReSchedule" time="5.886" classname="tests.ManagedBookingTest"/>
  <testcase name="Invalid_Show_MyTicket" time="4.088" classname="tests.ManagedBookingTest"/>
  <testcase name="Invalid_Cancel" time="6.039" classname="tests.ManagedBookingTest"/>
</testsuite> <!-- tests.ManagedBookingTest -->
