<?xml version="1.0" encoding="UTF-8"?>
<!-- Generated by org.testng.reporters.JUnitReportReporter -->
<testsuite skipped="0" hostname="ranjeetverma" name="tests.CancelTicketTest" tests="1" failures="0" timestamp="03 Feb 2021 12:41:14 GMT" time="5.008" errors="0">
  <testcase name="InvalidCancel" time="5.008" classname="tests.CancelTicketTest"/>
</testsuite> <!-- tests.CancelTicketTest -->
