<?xml version="1.0" encoding="UTF-8"?>
<!-- Generated by org.testng.reporters.JUnitReportReporter -->
<testsuite skipped="0" hostname="ranjeetverma" name="com.tests.RpoolNewTest" tests="2" failures="0" timestamp="11 Feb 2021 09:33:42 GMT" time="9.627" errors="0">
  <testcase name="Rpool_Information" time="4.761" classname="com.tests.RpoolNewTest"/>
  <testcase name="Rpool_New" time="4.866" classname="com.tests.RpoolNewTest"/>
</testsuite> <!-- com.tests.RpoolNewTest -->
