<?xml version="1.0" encoding="UTF-8"?>
<!-- Generated by org.testng.reporters.JUnitReportReporter -->
<testsuite skipped="0" hostname="ranjeetverma" name="com.tests.ReadGuidlinesTest" tests="1" failures="0" timestamp="11 Feb 2021 09:33:42 GMT" time="7.447" errors="0">
  <testcase name="Read_Guidlines" time="7.447" classname="com.tests.ReadGuidlinesTest"/>
</testsuite> <!-- com.tests.ReadGuidlinesTest -->
