<?xml version="1.0" encoding="UTF-8"?>
<!-- Generated by org.testng.reporters.JUnitReportReporter -->
<testsuite skipped="0" hostname="ranjeetverma" name="com.tests.AwardsRecognitionTest" tests="1" failures="0" timestamp="11 Feb 2021 09:33:42 GMT" time="6.705" errors="0">
  <testcase name="Award_Recognition" time="6.705" classname="com.tests.AwardsRecognitionTest"/>
</testsuite> <!-- com.tests.AwardsRecognitionTest -->
