<?xml version="1.0" encoding="UTF-8"?>
<!-- Generated by org.testng.reporters.JUnitReportReporter -->
<testsuite skipped="0" hostname="ranjeetverma" name="com.tests.BusHireTest" tests="1" failures="0" timestamp="11 Feb 2021 09:33:42 GMT" time="6.046" errors="0">
  <testcase name="Invalid_Cancellation" time="6.046" classname="com.tests.BusHireTest"/>
</testsuite> <!-- com.tests.BusHireTest -->
