<?xml version="1.0" encoding="UTF-8"?>
<!-- Generated by org.testng.reporters.JUnitReportReporter -->
<testsuite skipped="0" hostname="ranjeetverma" name="com.tests.ConvenienceTest" tests="1" failures="0" timestamp="11 Feb 2021 09:33:42 GMT" time="5.245" errors="0">
  <testcase name="Convenience_Test" time="5.245" classname="com.tests.ConvenienceTest"/>
</testsuite> <!-- com.tests.ConvenienceTest -->
