<?xml version="1.0" encoding="UTF-8"?>
<!-- Generated by org.testng.reporters.JUnitReportReporter -->
<testsuite skipped="0" hostname="ranjeetverma" name="tests.SigninTest" tests="9" failures="0" timestamp="08 Feb 2021 10:54:24 GMT" time="148.748" errors="0">
  <testcase name="Invalid_Update_Profile" time="17.022" classname="tests.SigninTest"/>
  <testcase name="Sign_Out_All_Device" time="18.150" classname="tests.SigninTest"/>
  <testcase name="Invalid_Signin_Page" time="14.480" classname="tests.SigninTest"/>
  <testcase name="Valid_Signin_Page" time="17.708" classname="tests.SigninTest"/>
  <testcase name="My_Wallets" time="15.163" classname="tests.SigninTest"/>
  <testcase name="Valid_Update_Profile" time="18.604" classname="tests.SigninTest"/>
  <testcase name="My_Trip" time="17.875" classname="tests.SigninTest"/>
  <testcase name="Sign_Out" time="14.761" classname="tests.SigninTest"/>
  <testcase name="Wallets" time="14.985" classname="tests.SigninTest"/>
</testsuite> <!-- tests.SigninTest -->
