<?xml version="1.0" encoding="UTF-8"?>
<!-- Generated by org.testng.reporters.JUnitReportReporter -->
<testsuite skipped="0" hostname="ranjeetverma" name="com.tests.BusHireOfferTest" tests="1" failures="0" timestamp="11 Feb 2021 09:33:42 GMT" time="18.713" errors="0">
  <testcase name="BusHire_Offer" time="18.713" classname="com.tests.BusHireOfferTest"/>
</testsuite> <!-- com.tests.BusHireOfferTest -->
