<?xml version="1.0" encoding="UTF-8"?>
<!-- Generated by org.testng.reporters.JUnitReportReporter -->
<testsuite skipped="0" hostname="ranjeetverma" name="com.tests.JourneytypeTest" tests="1" failures="0" timestamp="09 Feb 2021 08:36:38 GMT" time="31.306" errors="0">
  <testcase name="Journeytype_OutStation" time="31.306" classname="com.tests.JourneytypeTest"/>
</testsuite> <!-- com.tests.JourneytypeTest -->
