<?xml version="1.0" encoding="UTF-8"?>
<!-- Generated by org.testng.reporters.JUnitReportReporter -->
<testsuite skipped="0" hostname="ranjeetverma" name="tests.TripDetailsTest" tests="1" failures="0" timestamp="05 Feb 2021 06:07:49 GMT" time="17.212" errors="0">
  <testcase name="TripDetails_Modify" time="17.212" classname="tests.TripDetailsTest"/>
</testsuite> <!-- tests.TripDetailsTest -->
